Determining if the pthread_create exist failed with the following output:
Change Dir: /home/asif/CLionProjects/DE/cmake-build-debug/CMakeFiles/CMakeTmp

Run Build Command:"/usr/bin/make" "cmTC_26a81/fast"
make[1]: Entering directory '/home/asif/CLionProjects/DE/cmake-build-debug/CMakeFiles/CMakeTmp'
/usr/bin/make -f CMakeFiles/cmTC_26a81.dir/build.make CMakeFiles/cmTC_26a81.dir/build
make[2]: Entering directory '/home/asif/CLionProjects/DE/cmake-build-debug/CMakeFiles/CMakeTmp'
Building C object CMakeFiles/cmTC_26a81.dir/CheckSymbolExists.c.o
/usr/bin/cc   -fPIC    -o CMakeFiles/cmTC_26a81.dir/CheckSymbolExists.c.o   -c /home/asif/CLionProjects/DE/cmake-build-debug/CMakeFiles/CMakeTmp/CheckSymbolExists.c
Linking C executable cmTC_26a81
/home/asif/Downloads/clion-2018.3.4/bin/cmake/linux/bin/cmake -E cmake_link_script CMakeFiles/cmTC_26a81.dir/link.txt --verbose=1
/usr/bin/cc -fPIC     CMakeFiles/cmTC_26a81.dir/CheckSymbolExists.c.o  -o cmTC_26a81 
CMakeFiles/cmTC_26a81.dir/CheckSymbolExists.c.o: In function `main':
CheckSymbolExists.c:(.text+0x1b): undefined reference to `pthread_create'
collect2: error: ld returned 1 exit status
CMakeFiles/cmTC_26a81.dir/build.make:86: recipe for target 'cmTC_26a81' failed
make[2]: *** [cmTC_26a81] Error 1
make[2]: Leaving directory '/home/asif/CLionProjects/DE/cmake-build-debug/CMakeFiles/CMakeTmp'
Makefile:121: recipe for target 'cmTC_26a81/fast' failed
make[1]: *** [cmTC_26a81/fast] Error 2
make[1]: Leaving directory '/home/asif/CLionProjects/DE/cmake-build-debug/CMakeFiles/CMakeTmp'

File /home/asif/CLionProjects/DE/cmake-build-debug/CMakeFiles/CMakeTmp/CheckSymbolExists.c:
/* */
#include <pthread.h>

int main(int argc, char** argv)
{
  (void)argv;
#ifndef pthread_create
  return ((int*)(&pthread_create))[argc];
#else
  (void)argc;
  return 0;
#endif
}

Determining if the function pthread_create exists in the pthreads failed with the following output:
Change Dir: /home/asif/CLionProjects/DE/cmake-build-debug/CMakeFiles/CMakeTmp

Run Build Command:"/usr/bin/make" "cmTC_6f5c0/fast"
make[1]: Entering directory '/home/asif/CLionProjects/DE/cmake-build-debug/CMakeFiles/CMakeTmp'
/usr/bin/make -f CMakeFiles/cmTC_6f5c0.dir/build.make CMakeFiles/cmTC_6f5c0.dir/build
make[2]: Entering directory '/home/asif/CLionProjects/DE/cmake-build-debug/CMakeFiles/CMakeTmp'
Building C object CMakeFiles/cmTC_6f5c0.dir/CheckFunctionExists.c.o
/usr/bin/cc   -fPIC -DCHECK_FUNCTION_EXISTS=pthread_create   -o CMakeFiles/cmTC_6f5c0.dir/CheckFunctionExists.c.o   -c /home/asif/Downloads/clion-2018.3.4/bin/cmake/linux/share/cmake-3.13/Modules/CheckFunctionExists.c
Linking C executable cmTC_6f5c0
/home/asif/Downloads/clion-2018.3.4/bin/cmake/linux/bin/cmake -E cmake_link_script CMakeFiles/cmTC_6f5c0.dir/link.txt --verbose=1
/usr/bin/cc -fPIC -DCHECK_FUNCTION_EXISTS=pthread_create    CMakeFiles/cmTC_6f5c0.dir/CheckFunctionExists.c.o  -o cmTC_6f5c0 -lpthreads 
/usr/bin/ld: cannot find -lpthreads
collect2: error: ld returned 1 exit status
CMakeFiles/cmTC_6f5c0.dir/build.make:86: recipe for target 'cmTC_6f5c0' failed
make[2]: *** [cmTC_6f5c0] Error 1
make[2]: Leaving directory '/home/asif/CLionProjects/DE/cmake-build-debug/CMakeFiles/CMakeTmp'
Makefile:121: recipe for target 'cmTC_6f5c0/fast' failed
make[1]: *** [cmTC_6f5c0/fast] Error 2
make[1]: Leaving directory '/home/asif/CLionProjects/DE/cmake-build-debug/CMakeFiles/CMakeTmp'


Determining if the function sgemm_ exists failed with the following output:
Change Dir: /home/asif/CLionProjects/DE/cmake-build-debug/CMakeFiles/CMakeTmp

Run Build Command:"/usr/bin/make" "cmTC_a8195/fast"
make[1]: Entering directory '/home/asif/CLionProjects/DE/cmake-build-debug/CMakeFiles/CMakeTmp'
/usr/bin/make -f CMakeFiles/cmTC_a8195.dir/build.make CMakeFiles/cmTC_a8195.dir/build
make[2]: Entering directory '/home/asif/CLionProjects/DE/cmake-build-debug/CMakeFiles/CMakeTmp'
Building C object CMakeFiles/cmTC_a8195.dir/CheckFunctionExists.c.o
/usr/bin/cc   -DCHECK_FUNCTION_EXISTS=sgemm_   -o CMakeFiles/cmTC_a8195.dir/CheckFunctionExists.c.o   -c /home/asif/Downloads/clion-2018.3.4/bin/cmake/linux/share/cmake-3.13/Modules/CheckFunctionExists.c
Linking C executable cmTC_a8195
/home/asif/Downloads/clion-2018.3.4/bin/cmake/linux/bin/cmake -E cmake_link_script CMakeFiles/cmTC_a8195.dir/link.txt --verbose=1
/usr/bin/cc  -DCHECK_FUNCTION_EXISTS=sgemm_    CMakeFiles/cmTC_a8195.dir/CheckFunctionExists.c.o  -o cmTC_a8195 
CMakeFiles/cmTC_a8195.dir/CheckFunctionExists.c.o: In function `main':
CheckFunctionExists.c:(.text+0x10): undefined reference to `sgemm_'
collect2: error: ld returned 1 exit status
CMakeFiles/cmTC_a8195.dir/build.make:86: recipe for target 'cmTC_a8195' failed
make[2]: *** [cmTC_a8195] Error 1
make[2]: Leaving directory '/home/asif/CLionProjects/DE/cmake-build-debug/CMakeFiles/CMakeTmp'
Makefile:121: recipe for target 'cmTC_a8195/fast' failed
make[1]: *** [cmTC_a8195/fast] Error 2
make[1]: Leaving directory '/home/asif/CLionProjects/DE/cmake-build-debug/CMakeFiles/CMakeTmp'


Compiling the CUDA compiler identification source file "CMakeCUDACompilerId.cu" failed.
Compiler: CMAKE_CUDA_COMPILER-NOTFOUND 
Build flags: 
Id flags:  -v;--keep;--keep-dir;tmp

The output was:
No such file or directory


Compiling the CUDA compiler identification source file "CMakeCUDACompilerId.cu" failed.
Compiler: CMAKE_CUDA_COMPILER-NOTFOUND 
Build flags: 
Id flags:  -v;--keep;--keep-dir;tmp

The output was:
No such file or directory


