Determining if the pthread_kill exist failed with the following output:
Change Dir: /home/asif/CLionProjects/DE/build/CMakeFiles/CMakeTmp

Run Build Command(s):/usr/bin/make cmTC_421d5/fast 
/usr/bin/make -f CMakeFiles/cmTC_421d5.dir/build.make CMakeFiles/cmTC_421d5.dir/build
make[1]: Entering directory '/home/asif/CLionProjects/DE/build/CMakeFiles/CMakeTmp'
Building C object CMakeFiles/cmTC_421d5.dir/CheckSymbolExists.c.o
/usr/bin/cc   -fPIC    -o CMakeFiles/cmTC_421d5.dir/CheckSymbolExists.c.o   -c /home/asif/CLionProjects/DE/build/CMakeFiles/CMakeTmp/CheckSymbolExists.c
/home/asif/CLionProjects/DE/build/CMakeFiles/CMakeTmp/CheckSymbolExists.c: In function ‘main’:
/home/asif/CLionProjects/DE/build/CMakeFiles/CMakeTmp/CheckSymbolExists.c:8:19: error: ‘pthread_kill’ undeclared (first use in this function)
   return ((int*)(&pthread_kill))[argc];
                   ^
/home/asif/CLionProjects/DE/build/CMakeFiles/CMakeTmp/CheckSymbolExists.c:8:19: note: each undeclared identifier is reported only once for each function it appears in
CMakeFiles/cmTC_421d5.dir/build.make:65: recipe for target 'CMakeFiles/cmTC_421d5.dir/CheckSymbolExists.c.o' failed
make[1]: *** [CMakeFiles/cmTC_421d5.dir/CheckSymbolExists.c.o] Error 1
make[1]: Leaving directory '/home/asif/CLionProjects/DE/build/CMakeFiles/CMakeTmp'
Makefile:121: recipe for target 'cmTC_421d5/fast' failed
make: *** [cmTC_421d5/fast] Error 2

File /home/asif/CLionProjects/DE/build/CMakeFiles/CMakeTmp/CheckSymbolExists.c:
/* */
#include <pthread.h>

int main(int argc, char** argv)
{
  (void)argv;
#ifndef pthread_kill
  return ((int*)(&pthread_kill))[argc];
#else
  (void)argc;
  return 0;
#endif
}

Determining if the function pthread_create exists in the pthreads failed with the following output:
Change Dir: /home/asif/CLionProjects/DE/build/CMakeFiles/CMakeTmp

Run Build Command(s):/usr/bin/make cmTC_66b29/fast 
/usr/bin/make -f CMakeFiles/cmTC_66b29.dir/build.make CMakeFiles/cmTC_66b29.dir/build
make[1]: Entering directory '/home/asif/CLionProjects/DE/build/CMakeFiles/CMakeTmp'
Building C object CMakeFiles/cmTC_66b29.dir/CheckFunctionExists.c.o
/usr/bin/cc   -fPIC -DCHECK_FUNCTION_EXISTS=pthread_create   -o CMakeFiles/cmTC_66b29.dir/CheckFunctionExists.c.o   -c /usr/local/share/cmake-3.14/Modules/CheckFunctionExists.c
Linking C executable cmTC_66b29
/usr/local/bin/cmake -E cmake_link_script CMakeFiles/cmTC_66b29.dir/link.txt --verbose=1
/usr/bin/cc -fPIC -DCHECK_FUNCTION_EXISTS=pthread_create    CMakeFiles/cmTC_66b29.dir/CheckFunctionExists.c.o  -o cmTC_66b29 -lpthreads 
/usr/bin/ld: cannot find -lpthreads
collect2: error: ld returned 1 exit status
CMakeFiles/cmTC_66b29.dir/build.make:86: recipe for target 'cmTC_66b29' failed
make[1]: *** [cmTC_66b29] Error 1
make[1]: Leaving directory '/home/asif/CLionProjects/DE/build/CMakeFiles/CMakeTmp'
Makefile:121: recipe for target 'cmTC_66b29/fast' failed
make: *** [cmTC_66b29/fast] Error 2


Determining if the function sgemm_ exists failed with the following output:
Change Dir: /home/asif/CLionProjects/DE/build/CMakeFiles/CMakeTmp

Run Build Command(s):/usr/bin/make cmTC_4fd6b/fast 
/usr/bin/make -f CMakeFiles/cmTC_4fd6b.dir/build.make CMakeFiles/cmTC_4fd6b.dir/build
make[1]: Entering directory '/home/asif/CLionProjects/DE/build/CMakeFiles/CMakeTmp'
Building C object CMakeFiles/cmTC_4fd6b.dir/CheckFunctionExists.c.o
/usr/bin/cc   -DCHECK_FUNCTION_EXISTS=sgemm_   -o CMakeFiles/cmTC_4fd6b.dir/CheckFunctionExists.c.o   -c /usr/local/share/cmake-3.14/Modules/CheckFunctionExists.c
Linking C executable cmTC_4fd6b
/usr/local/bin/cmake -E cmake_link_script CMakeFiles/cmTC_4fd6b.dir/link.txt --verbose=1
/usr/bin/cc  -DCHECK_FUNCTION_EXISTS=sgemm_    CMakeFiles/cmTC_4fd6b.dir/CheckFunctionExists.c.o  -o cmTC_4fd6b 
CMakeFiles/cmTC_4fd6b.dir/CheckFunctionExists.c.o: In function `main':
CheckFunctionExists.c:(.text+0x10): undefined reference to `sgemm_'
collect2: error: ld returned 1 exit status
CMakeFiles/cmTC_4fd6b.dir/build.make:86: recipe for target 'cmTC_4fd6b' failed
make[1]: *** [cmTC_4fd6b] Error 1
make[1]: Leaving directory '/home/asif/CLionProjects/DE/build/CMakeFiles/CMakeTmp'
Makefile:121: recipe for target 'cmTC_4fd6b/fast' failed
make: *** [cmTC_4fd6b/fast] Error 2


